c:\users\s171736\documents\visual studio 2015\aiebootstrap\aiebootstrap\temp\project2d\debug\vc140.pdb
c:\users\s171736\documents\github\versioncontrolexample2\temp\project2d\debug\vc140.pdb
c:\users\s171736\documents\github\versioncontrolexample2\temp\project2d\debug\vc140.idb
c:\users\s171736\documents\github\versioncontrolexample2\temp\project2d\debug\application2d.obj
c:\users\s171736\documents\github\versioncontrolexample2\temp\project2d\debug\entity.obj
c:\users\s171736\documents\github\versioncontrolexample2\temp\project2d\debug\gamestate.obj
c:\users\s171736\documents\github\versioncontrolexample2\temp\project2d\debug\menustate.obj
c:\users\s171736\documents\github\versioncontrolexample2\temp\project2d\debug\objectpool.obj
c:\users\s171736\documents\github\versioncontrolexample2\temp\project2d\debug\splashstate.obj
c:\users\s171736\documents\github\versioncontrolexample2\temp\project2d\debug\state.obj
c:\users\s171736\documents\github\versioncontrolexample2\temp\project2d\debug\statemachine.obj
c:\users\s171736\documents\github\versioncontrolexample2\temp\project2d\debug\main.obj
c:\users\s171736\documents\visual studio 2015\aiebootstrap\aiebootstrap\temp\project2d\debug\project2d.ilk
c:\users\s171736\documents\visual studio 2015\aiebootstrap\aiebootstrap\temp\project2d\debug\project2d.exe
c:\users\s171736\documents\visual studio 2015\aiebootstrap\aiebootstrap\temp\project2d\debug\project2d.pdb
c:\users\s171736\documents\github\versioncontrolexample2\temp\project2d\debug\project2d.pdb
c:\users\s171736\documents\github\versioncontrolexample2\temp\project2d\debug\project2d.tlog\cl.command.1.tlog
c:\users\s171736\documents\github\versioncontrolexample2\temp\project2d\debug\project2d.tlog\cl.read.1.tlog
c:\users\s171736\documents\github\versioncontrolexample2\temp\project2d\debug\project2d.tlog\cl.write.1.tlog
c:\users\s171736\documents\github\versioncontrolexample2\temp\project2d\debug\project2d.tlog\link.command.1.tlog
c:\users\s171736\documents\github\versioncontrolexample2\temp\project2d\debug\project2d.tlog\link.read.1.tlog
c:\users\s171736\documents\github\versioncontrolexample2\temp\project2d\debug\project2d.tlog\link.write.1.tlog
